2026-03-22 22:08:26.994 IST [16876] LOG:  starting PostgreSQL 18.0 on x86_64-windows, compiled by msvc-19.44.35217, 64-bit
2026-03-22 22:08:27.006 IST [16876] LOG:  listening on IPv6 address "::1", port 55432
2026-03-22 22:08:27.006 IST [16876] LOG:  listening on IPv4 address "127.0.0.1", port 55432
2026-03-22 22:08:27.087 IST [7800] LOG:  database system was shut down at 2026-03-22 22:08:14 IST
2026-03-22 22:08:27.095 IST [16876] LOG:  database system is ready to accept connections
2026-03-22 22:09:55.714 IST [16876] LOG:  client backend (PID 17596) was terminated by exception 0xC000013A
2026-03-22 22:09:55.714 IST [16876] DETAIL:  Failed process was running: COMMIT
2026-03-22 22:09:55.714 IST [16876] HINT:  See C include file "ntstatus.h" for a description of the hexadecimal value.
2026-03-22 22:09:55.714 IST [16876] LOG:  terminating any other active server processes
2026-03-22 22:09:55.719 IST [16876] LOG:  received fast shutdown request
^C2026-03-22 22:15:27.806 IST [18596] LOG:  starting PostgreSQL 18.0 on x86_64-windows, compiled by msvc-19.44.35217, 64-bit
2026-03-22 22:15:27.822 IST [18596] LOG:  listening on IPv6 address "::1", port 55432
2026-03-22 22:15:27.822 IST [18596] LOG:  listening on IPv4 address "127.0.0.1", port 55432
2026-03-22 22:15:27.900 IST [13956] LOG:  database system was shut down at 2026-03-22 22:13:30 IST
2026-03-22 22:15:27.915 IST [18596] LOG:  database system is ready to accept connections
2026-03-22 22:15:44.968 IST [10980] LOG:  could not receive data from client: An existing connection was forcibly closed by the remote host.
	
2026-03-22 22:17:15.566 IST [13412] ERROR:  relation "journal_entry_items_accounts_receivable" does not exist at character 76
2026-03-22 22:17:15.566 IST [13412] STATEMENT:  
	            select accountingDocument, referenceDocument
	            from journal_entry_items_accounts_receivable
	            where referenceDocument = $1
	            order by accountingDocument
	            limit 5
	            
2026-03-22 22:18:09.101 IST [18596] LOG:  client backend (PID 704) was terminated by exception 0xC000013A
2026-03-22 22:18:09.101 IST [18596] DETAIL:  Failed process was running: COMMIT
2026-03-22 22:18:09.101 IST [18596] HINT:  See C include file "ntstatus.h" for a description of the hexadecimal value.
2026-03-22 22:18:09.101 IST [18596] LOG:  terminating any other active server processes
2026-03-22 22:18:09.114 IST [18596] LOG:  received fast shutdown request
^C